#
# There is insufficient memory for the Java Runtime Environment to continue.
# Native memory allocation (malloc) failed to allocate 1312272 bytes. Error detail: Chunk::new
# Possible reasons:
#   The system is out of physical RAM or swap space
#   This process is running with CompressedOops enabled, and the Java Heap may be blocking the growth of the native heap
# Possible solutions:
#   Reduce memory load on the system
#   Increase physical memory or swap space
#   Check if swap backing store is full
#   Decrease Java heap size (-Xmx/-Xms)
#   Decrease number of Java threads
#   Decrease Java thread stack sizes (-Xss)
#   Set larger code cache with -XX:ReservedCodeCacheSize=
#   JVM is running with Unscaled Compressed Oops mode in which the Java heap is
#     placed in the first 4GB address space. The Java Heap base address is the
#     maximum limit for the native heap growth. Please use -XX:HeapBaseMinAddress
#     to set the Java Heap base and to place the Java Heap above 4GB virtual address.
# This output file may be truncated or incomplete.
#
#  Out of Memory Error (arena.cpp:168), pid=10040, tid=15888
#
# JRE version: OpenJDK Runtime Environment Temurin-21.0.8+9 (21.0.8+9) (build 21.0.8+9-LTS)
# Java VM: OpenJDK 64-Bit Server VM Temurin-21.0.8+9 (21.0.8+9-LTS, mixed mode, sharing, tiered, compressed oops, compressed class ptrs, parallel gc, windows-amd64)
# No core dump will be written. Minidumps are not enabled by default on client versions of Windows
#

---------------  S U M M A R Y ------------

Command Line: --add-modules=ALL-SYSTEM --add-opens=java.base/java.util=ALL-UNNAMED --add-opens=java.base/java.lang=ALL-UNNAMED --add-opens=java.base/sun.nio.fs=ALL-UNNAMED -Declipse.application=org.eclipse.jdt.ls.core.id1 -Dosgi.bundles.defaultStartLevel=4 -Declipse.product=org.eclipse.jdt.ls.core.product -Djava.import.generatesMetadataFilesAtProjectRoot=false -DDetectVMInstallationsJob.disabled=true -Dfile.encoding=utf8 -XX:+UseParallelGC -XX:GCTimeRatio=4 -XX:AdaptiveSizePolicyWeight=90 -Dsun.zip.disableMemoryMapping=true -Xmx2G -Xms100m -Xlog:disable -javaagent:c:\Users\Ali\.vscode\extensions\redhat.java-1.44.0-win32-x64\lombok\lombok-1.18.39-4050.jar -XX:+HeapDumpOnOutOfMemoryError -XX:HeapDumpPath=c:\Users\Ali\AppData\Roaming\Code\User\workspaceStorage\3c41d1dda97feda740b905a60d7ad99e\redhat.java -Daether.dependencyCollector.impl=bf c:\Users\Ali\.vscode\extensions\redhat.java-1.44.0-win32-x64\server\plugins\org.eclipse.equinox.launcher_1.7.0.v20250519-0528.jar -configuration c:\Users\Ali\AppData\Roaming\Code\User\globalStorage\redhat.java\1.44.0\config_win -data c:\Users\Ali\AppData\Roaming\Code\User\workspaceStorage\3c41d1dda97feda740b905a60d7ad99e\redhat.java\jdt_ws --pipe=\\.\pipe\lsp-46a32b8c74d4e9428334857a405ca01b-sock

Host: 12th Gen Intel(R) Core(TM) i7-1255U, 12 cores, 15G,  Windows 11 , 64 bit Build 26100 (10.0.26100.4768)
Time: Thu Aug  7 22:42:45 2025 Iran Standard Time elapsed time: 84.129469 seconds (0d 0h 1m 24s)

---------------  T H R E A D  ---------------

Current thread (0x000001c5e90ff400):  JavaThread "C2 CompilerThread1" daemon [_thread_in_native, id=15888, stack(0x000000b81a600000,0x000000b81a700000) (1024K)]


Current CompileTask:
C2:84129 13476       4       org.eclipse.jdt.internal.core.PackageFragment::internalIsValidPackageName (80 bytes)

Stack: [0x000000b81a600000,0x000000b81a700000]
Native frames: (J=compiled Java code, j=interpreted, Vv=VM code, C=native code)
V  [jvm.dll+0x6d2449]
V  [jvm.dll+0x8ae341]
V  [jvm.dll+0x8b08be]
V  [jvm.dll+0x8b0fa3]
V  [jvm.dll+0x280c96]
V  [jvm.dll+0xc581d]
V  [jvm.dll+0xc5d53]
V  [jvm.dll+0x3b919c]
V  [jvm.dll+0x1e1409]
V  [jvm.dll+0x249022]
V  [jvm.dll+0x2484af]
V  [jvm.dll+0x1c89ee]
V  [jvm.dll+0x257d4d]
V  [jvm.dll+0x2562ea]
V  [jvm.dll+0x3f2d16]
V  [jvm.dll+0x857e6b]
V  [jvm.dll+0x6d0b0d]
C  [ucrtbase.dll+0x37b0]
C  [KERNEL32.DLL+0x2e8d7]
C  [ntdll.dll+0x3c34c]


---------------  P R O C E S S  ---------------

Threads class SMR info:
_java_thread_list=0x000001c5eb5e09d0, length=62, elements={
0x000001c587ed9fb0, 0x000001c58a31dea0, 0x000001c5e8004090, 0x000001c5e8009650,
0x000001c5e800a500, 0x000001c5e800e830, 0x000001c5e800c190, 0x000001c5e801e7c0,
0x000001c5e80214d0, 0x000001c5e8102e00, 0x000001c5e83e25e0, 0x000001c5e8abba90,
0x000001c5e8a5b870, 0x000001c5e83f2040, 0x000001c5e80706a0, 0x000001c5e8a055a0,
0x000001c5e80ad5c0, 0x000001c5e8a51b00, 0x000001c5e8a500c0, 0x000001c5e8a50750,
0x000001c5e8a52820, 0x000001c5e8a50de0, 0x000001c5e8a4fa30, 0x000001c5e90d20d0,
0x000001c5e90d2760, 0x000001c5e90d2df0, 0x000001c5e90d4830, 0x000001c5e90d41a0,
0x000001c5e90d13b0, 0x000001c5e90d4ec0, 0x000001c5e90d1a40, 0x000001c5e90d5550,
0x000001c5e90d5be0, 0x000001c5e90d3480, 0x000001c5e90d6270, 0x000001c5e90d6f90,
0x000001c5e90d3b10, 0x000001c5e90d7cb0, 0x000001c5e90d6900, 0x000001c5e90d7620,
0x000001c5e90d89d0, 0x000001c5e90d8340, 0x000001c5eab96c20, 0x000001c5eab93e30,
0x000001c5eab94b50, 0x000001c5eab96590, 0x000001c5e90ff400, 0x000001c5eab95f00,
0x000001c5f55d51a0, 0x000001c5eb2945f0, 0x000001c5f55d3df0, 0x000001c5f55d4b10,
0x000001c5f55d5830, 0x000001c5f55d4480, 0x000001c5f55d6550, 0x000001c5f58b9fb0,
0x000001c5f58bcda0, 0x000001c5f58ba640, 0x000001c5f58bb9f0, 0x000001c5f58b9920,
0x000001c5f58bc710, 0x000001c5f58be150
}

Java Threads: ( => current thread )
  0x000001c587ed9fb0 JavaThread "main"                              [_thread_blocked, id=14720, stack(0x000000b81a900000,0x000000b81aa00000) (1024K)]
  0x000001c58a31dea0 JavaThread "Reference Handler"          daemon [_thread_blocked, id=1872, stack(0x000000b81ad00000,0x000000b81ae00000) (1024K)]
  0x000001c5e8004090 JavaThread "Finalizer"                  daemon [_thread_blocked, id=12136, stack(0x000000b81ae00000,0x000000b81af00000) (1024K)]
  0x000001c5e8009650 JavaThread "Signal Dispatcher"          daemon [_thread_blocked, id=3556, stack(0x000000b81af00000,0x000000b81b000000) (1024K)]
  0x000001c5e800a500 JavaThread "Attach Listener"            daemon [_thread_blocked, id=2392, stack(0x000000b81b000000,0x000000b81b100000) (1024K)]
  0x000001c5e800e830 JavaThread "Service Thread"             daemon [_thread_blocked, id=23388, stack(0x000000b81b100000,0x000000b81b200000) (1024K)]
  0x000001c5e800c190 JavaThread "Monitor Deflation Thread"   daemon [_thread_blocked, id=25788, stack(0x000000b81b200000,0x000000b81b300000) (1024K)]
  0x000001c5e801e7c0 JavaThread "C2 CompilerThread0"         daemon [_thread_in_native, id=13396, stack(0x000000b81b300000,0x000000b81b400000) (1024K)]
  0x000001c5e80214d0 JavaThread "C1 CompilerThread0"         daemon [_thread_blocked, id=16020, stack(0x000000b81b400000,0x000000b81b500000) (1024K)]
  0x000001c5e8102e00 JavaThread "Common-Cleaner"             daemon [_thread_blocked, id=25428, stack(0x000000b81b500000,0x000000b81b600000) (1024K)]
  0x000001c5e83e25e0 JavaThread "Notification Thread"        daemon [_thread_blocked, id=18016, stack(0x000000b81b700000,0x000000b81b800000) (1024K)]
  0x000001c5e8abba90 JavaThread "Active Thread: Equinox Container: a7a5cd95-9ede-4c8f-8878-9417dcd20146"        [_thread_blocked, id=9252, stack(0x000000b81bf00000,0x000000b81c000000) (1024K)]
  0x000001c5e8a5b870 JavaThread "Refresh Thread: Equinox Container: a7a5cd95-9ede-4c8f-8878-9417dcd20146" daemon [_thread_blocked, id=11456, stack(0x000000b81b600000,0x000000b81b700000) (1024K)]
  0x000001c5e83f2040 JavaThread "Framework Event Dispatcher: Equinox Container: a7a5cd95-9ede-4c8f-8878-9417dcd20146" daemon [_thread_blocked, id=21804, stack(0x000000b81c000000,0x000000b81c100000) (1024K)]
  0x000001c5e80706a0 JavaThread "Start Level: Equinox Container: a7a5cd95-9ede-4c8f-8878-9417dcd20146" daemon [_thread_blocked, id=2824, stack(0x000000b81c100000,0x000000b81c200000) (1024K)]
  0x000001c5e8a055a0 JavaThread "Bundle File Closer"         daemon [_thread_blocked, id=7072, stack(0x000000b81c500000,0x000000b81c600000) (1024K)]
  0x000001c5e80ad5c0 JavaThread "SCR Component Actor"        daemon [_thread_blocked, id=24620, stack(0x000000b81c400000,0x000000b81c500000) (1024K)]
  0x000001c5e8a51b00 JavaThread "Worker-JM"                         [_thread_blocked, id=2104, stack(0x000000b81c800000,0x000000b81c900000) (1024K)]
  0x000001c5e8a500c0 JavaThread "JNA Cleaner"                daemon [_thread_blocked, id=20968, stack(0x000000b81c700000,0x000000b81c800000) (1024K)]
  0x000001c5e8a50750 JavaThread "Worker-0: Publish Diagnostics"        [_thread_in_Java, id=17360, stack(0x000000b81cb00000,0x000000b81cc00000) (1024K)]
  0x000001c5e8a52820 JavaThread "Worker-1"                          [_thread_blocked, id=17312, stack(0x000000b81c900000,0x000000b81ca00000) (1024K)]
  0x000001c5e8a50de0 JavaThread "Worker-2"                          [_thread_blocked, id=22236, stack(0x000000b81ca00000,0x000000b81cb00000) (1024K)]
  0x000001c5e8a4fa30 JavaThread "Worker-3: Building"                [_thread_blocked, id=3736, stack(0x000000b81cd00000,0x000000b81ce00000) (1024K)]
  0x000001c5e90d20d0 JavaThread "Java indexing"              daemon [_thread_blocked, id=18900, stack(0x000000b81ce00000,0x000000b81cf00000) (1024K)]
  0x000001c5e90d2760 JavaThread "Worker-4"                          [_thread_blocked, id=20980, stack(0x000000b81cf00000,0x000000b81d000000) (1024K)]
  0x000001c5e90d2df0 JavaThread "Worker-5"                          [_thread_blocked, id=8904, stack(0x000000b81d400000,0x000000b81d500000) (1024K)]
  0x000001c5e90d4830 JavaThread "Worker-6: Initialize workspace"        [_thread_blocked, id=10496, stack(0x000000b81d500000,0x000000b81d600000) (1024K)]
  0x000001c5e90d41a0 JavaThread "Worker-7"                          [_thread_blocked, id=20796, stack(0x000000b81d600000,0x000000b81d700000) (1024K)]
  0x000001c5e90d13b0 JavaThread "Thread-2"                   daemon [_thread_in_native, id=26472, stack(0x000000b81d700000,0x000000b81d800000) (1024K)]
  0x000001c5e90d4ec0 JavaThread "Thread-3"                   daemon [_thread_in_native, id=10952, stack(0x000000b81d800000,0x000000b81d900000) (1024K)]
  0x000001c5e90d1a40 JavaThread "Thread-4"                   daemon [_thread_in_native, id=6232, stack(0x000000b81d900000,0x000000b81da00000) (1024K)]
  0x000001c5e90d5550 JavaThread "Thread-5"                   daemon [_thread_in_native, id=6980, stack(0x000000b81da00000,0x000000b81db00000) (1024K)]
  0x000001c5e90d5be0 JavaThread "Thread-6"                   daemon [_thread_in_native, id=25620, stack(0x000000b81db00000,0x000000b81dc00000) (1024K)]
  0x000001c5e90d3480 JavaThread "Thread-7"                   daemon [_thread_in_native, id=16360, stack(0x000000b81dc00000,0x000000b81dd00000) (1024K)]
  0x000001c5e90d6270 JavaThread "Thread-8"                   daemon [_thread_in_native, id=16364, stack(0x000000b81dd00000,0x000000b81de00000) (1024K)]
  0x000001c5e90d6f90 JavaThread "Thread-9"                   daemon [_thread_in_native, id=16480, stack(0x000000b81de00000,0x000000b81df00000) (1024K)]
  0x000001c5e90d3b10 JavaThread "Thread-10"                  daemon [_thread_in_native, id=18044, stack(0x000000b81df00000,0x000000b81e000000) (1024K)]
  0x000001c5e90d7cb0 JavaThread "Thread-11"                  daemon [_thread_in_native, id=22832, stack(0x000000b81e000000,0x000000b81e100000) (1024K)]
  0x000001c5e90d6900 JavaThread "Thread-12"                  daemon [_thread_in_native, id=14364, stack(0x000000b81e100000,0x000000b81e200000) (1024K)]
  0x000001c5e90d7620 JavaThread "Thread-13"                  daemon [_thread_in_native, id=19256, stack(0x000000b81e200000,0x000000b81e300000) (1024K)]
  0x000001c5e90d89d0 JavaThread "Thread-14"                  daemon [_thread_in_native, id=21716, stack(0x000000b81e300000,0x000000b81e400000) (1024K)]
  0x000001c5e90d8340 JavaThread "pool-2-thread-1"                   [_thread_blocked, id=10524, stack(0x000000b81e400000,0x000000b81e500000) (1024K)]
  0x000001c5eab96c20 JavaThread "WorkspaceEventsHandler"            [_thread_blocked, id=20420, stack(0x000000b81e600000,0x000000b81e700000) (1024K)]
  0x000001c5eab93e30 JavaThread "pool-1-thread-1"                   [_thread_blocked, id=21160, stack(0x000000b81e700000,0x000000b81e800000) (1024K)]
  0x000001c5eab94b50 JavaThread "Worker-8"                          [_thread_blocked, id=21520, stack(0x000000b81e800000,0x000000b81e900000) (1024K)]
  0x000001c5eab96590 JavaThread "Timer-0"                           [_thread_blocked, id=14472, stack(0x000000b81e900000,0x000000b81ea00000) (1024K)]
=>0x000001c5e90ff400 JavaThread "C2 CompilerThread1"         daemon [_thread_in_native, id=15888, stack(0x000000b81a600000,0x000000b81a700000) (1024K)]
  0x000001c5eab95f00 JavaThread "ForkJoinPool.commonPool-worker-1" daemon [_thread_blocked, id=10408, stack(0x000000b81a700000,0x000000b81a800000) (1024K)]
  0x000001c5f55d51a0 JavaThread "ForkJoinPool.commonPool-worker-2" daemon [_thread_blocked, id=17564, stack(0x000000b81a800000,0x000000b81a900000) (1024K)]
  0x000001c5eb2945f0 JavaThread "C2 CompilerThread2"         daemon [_thread_in_native, id=14708, stack(0x000000b81c600000,0x000000b81c700000) (1024K)]
  0x000001c5f55d3df0 JavaThread "LocalFile Deleter"          daemon [_thread_in_native, id=23012, stack(0x000000b81cc00000,0x000000b81cd00000) (1024K)]
  0x000001c5f55d4b10 JavaThread "LocalFile Deleter"          daemon [_thread_in_native, id=26028, stack(0x000000b81d000000,0x000000b81d100000) (1024K)]
  0x000001c5f55d5830 JavaThread "LocalFile Deleter"          daemon [_thread_in_native, id=13812, stack(0x000000b81ea00000,0x000000b81eb00000) (1024K)]
  0x000001c5f55d4480 JavaThread "LocalFile Deleter"          daemon [_thread_in_native, id=8820, stack(0x000000b81eb00000,0x000000b81ec00000) (1024K)]
  0x000001c5f55d6550 JavaThread "LocalFile Deleter"          daemon [_thread_in_native, id=24896, stack(0x000000b81ec00000,0x000000b81ed00000) (1024K)]
  0x000001c5f58b9fb0 JavaThread "LocalFile Deleter"          daemon [_thread_in_native, id=24176, stack(0x000000b81ed00000,0x000000b81ee00000) (1024K)]
  0x000001c5f58bcda0 JavaThread "LocalFile Deleter"          daemon [_thread_in_native, id=20972, stack(0x000000b81ee00000,0x000000b81ef00000) (1024K)]
  0x000001c5f58ba640 JavaThread "LocalFile Deleter"          daemon [_thread_blocked, id=18036, stack(0x000000b81ef00000,0x000000b81f000000) (1024K)]
  0x000001c5f58bb9f0 JavaThread "LocalFile Deleter"          daemon [_thread_blocked, id=17632, stack(0x000000b81f000000,0x000000b81f100000) (1024K)]
  0x000001c5f58b9920 JavaThread "LocalFile Deleter"          daemon [_thread_in_native, id=14064, stack(0x000000b81f100000,0x000000b81f200000) (1024K)]
  0x000001c5f58bc710 JavaThread "LocalFile Deleter"          daemon [_thread_in_native, id=9148, stack(0x000000b81f200000,0x000000b81f300000) (1024K)]
  0x000001c5f58be150 JavaThread "LocalFile Deleter"          daemon [_thread_in_native, id=20228, stack(0x000000b81f300000,0x000000b81f400000) (1024K)]
Total: 62

Other Threads:
  0x000001c58a42e8d0 VMThread "VM Thread"                           [id=26832, stack(0x000000b81ac00000,0x000000b81ad00000) (1024K)]
  0x000001c58a1fca00 WatcherThread "VM Periodic Task Thread"        [id=4344, stack(0x000000b81ab00000,0x000000b81ac00000) (1024K)]
  0x000001c58a38ba20 WorkerThread "GC Thread#0"                     [id=26836, stack(0x000000b81aa00000,0x000000b81ab00000) (1024K)]
  0x000001c5e83e1790 WorkerThread "GC Thread#1"                     [id=5496, stack(0x000000b81b900000,0x000000b81ba00000) (1024K)]
  0x000001c5e8b14ba0 WorkerThread "GC Thread#2"                     [id=25236, stack(0x000000b81ba00000,0x000000b81bb00000) (1024K)]
  0x000001c5e8b14f40 WorkerThread "GC Thread#3"                     [id=19480, stack(0x000000b81bb00000,0x000000b81bc00000) (1024K)]
  0x000001c5e8c11160 WorkerThread "GC Thread#4"                     [id=23424, stack(0x000000b81bc00000,0x000000b81bd00000) (1024K)]
  0x000001c5e884f1a0 WorkerThread "GC Thread#5"                     [id=14088, stack(0x000000b81bd00000,0x000000b81be00000) (1024K)]
  0x000001c5e884f540 WorkerThread "GC Thread#6"                     [id=16120, stack(0x000000b81be00000,0x000000b81bf00000) (1024K)]
  0x000001c5e884e6c0 WorkerThread "GC Thread#7"                     [id=15056, stack(0x000000b81b800000,0x000000b81b900000) (1024K)]
  0x000001c5e884ee00 WorkerThread "GC Thread#8"                     [id=18328, stack(0x000000b81c200000,0x000000b81c300000) (1024K)]
  0x000001c5e8850020 WorkerThread "GC Thread#9"                     [id=18544, stack(0x000000b81c300000,0x000000b81c400000) (1024K)]
Total: 12

Threads with active compile tasks:
C2 CompilerThread0  84158 13524       4       org.eclipse.jdt.internal.compiler.lookup.PackageBinding::getTypeOrPackage (368 bytes)
C2 CompilerThread1  84158 13476       4       org.eclipse.jdt.internal.core.PackageFragment::internalIsValidPackageName (80 bytes)
C2 CompilerThread2  84158 13477       4       org.eclipse.jdt.internal.core.PackageFragmentRoot::getPackageFragment (10 bytes)
Total: 3

VM state: not at safepoint (normal execution)

VM Mutex/Monitor currently owned by a thread: None

Heap address: 0x0000000080000000, size: 2048 MB, Compressed Oops mode: 32-bit

CDS archive(s) mapped at: [0x000001c5a1000000-0x000001c5a1ba0000-0x000001c5a1ba0000), size 12189696, SharedBaseAddress: 0x000001c5a1000000, ArchiveRelocationMode: 1.
Compressed class space mapped at: 0x000001c5a2000000-0x000001c5e2000000, reserved size: 1073741824
Narrow klass base: 0x000001c5a1000000, Narrow klass shift: 0, Narrow klass range: 0x100000000

GC Precious Log:
 CardTable entry size: 512
 CPUs: 12 total, 12 available
 Memory: 16108M
 Large Page Support: Disabled
 NUMA Support: Disabled
 Compressed Oops: Enabled (32-bit)
 Alignments: Space 512K, Generation 512K, Heap 2M
 Heap Min Capacity: 100M
 Heap Initial Capacity: 100M
 Heap Max Capacity: 2G
 Pre-touch: Disabled
 Parallel Workers: 10

Heap:
 PSYoungGen      total 4608K, used 1215K [0x00000000d5580000, 0x00000000d5a80000, 0x0000000100000000)
  eden space 4096K, 21% used [0x00000000d5580000,0x00000000d565fc10,0x00000000d5980000)
  from space 512K, 62% used [0x00000000d5a00000,0x00000000d5a50000,0x00000000d5a80000)
  to   space 512K, 0% used [0x00000000d5980000,0x00000000d5980000,0x00000000d5a00000)
 ParOldGen       total 408576K, used 408246K [0x0000000080000000, 0x0000000098f00000, 0x00000000d5580000)
  object space 408576K, 99% used [0x0000000080000000,0x0000000098eadbe8,0x0000000098f00000)
 Metaspace       used 74369K, committed 75968K, reserved 1179648K
  class space    used 8357K, committed 9088K, reserved 1048576K

Card table byte_map: [0x000001c589d10000,0x000001c58a120000] _byte_map_base: 0x000001c589910000

Marking Bits: (ParMarkBitMap*) 0x00007ffaaba0a340
 Begin Bits: [0x000001c59c810000, 0x000001c59e810000)
 End Bits:   [0x000001c59e810000, 0x000001c5a0810000)

Polling page: 0x000001c5881b0000

Metaspace:

Usage:
  Non-class:     64.46 MB used.
      Class:      8.16 MB used.
       Both:     72.63 MB used.

Virtual space:
  Non-class space:      128.00 MB reserved,      65.31 MB ( 51%) committed,  2 nodes.
      Class space:        1.00 GB reserved,       8.88 MB ( <1%) committed,  1 nodes.
             Both:        1.12 GB reserved,      74.19 MB (  6%) committed. 

Chunk freelists:
   Non-Class:  14.03 MB
       Class:  6.97 MB
        Both:  21.00 MB

MaxMetaspaceSize: unlimited
CompressedClassSpaceSize: 1.00 GB
Initial GC threshold: 21.00 MB
Current GC threshold: 97.31 MB
CDS: on
 - commit_granule_bytes: 65536.
 - commit_granule_words: 8192.
 - virtual_space_node_default_size: 8388608.
 - enlarge_chunks_in_place: 1.
 - use_allocation_guard: 0.


Internal statistics:

num_allocs_failed_limit: 9.
num_arena_births: 1326.
num_arena_deaths: 26.
num_vsnodes_births: 3.
num_vsnodes_deaths: 0.
num_space_committed: 1187.
num_space_uncommitted: 0.
num_chunks_returned_to_freelist: 37.
num_chunks_taken_from_freelist: 4692.
num_chunk_merges: 10.
num_chunk_splits: 2874.
num_chunks_enlarged: 1644.
num_inconsistent_stats: 0.

CodeHeap 'non-profiled nmethods': size=120000Kb used=9947Kb max_used=9947Kb free=110052Kb
 bounds [0x000001c595030000, 0x000001c5959f0000, 0x000001c59c560000]
CodeHeap 'profiled nmethods': size=120000Kb used=28919Kb max_used=28919Kb free=91080Kb
 bounds [0x000001c58d560000, 0x000001c58f1a0000, 0x000001c594a90000]
CodeHeap 'non-nmethods': size=5760Kb used=1485Kb max_used=1551Kb free=4274Kb
 bounds [0x000001c594a90000, 0x000001c594d00000, 0x000001c595030000]
CodeCache: size=245760Kb, used=40351Kb, max_used=40417Kb, free=205406Kb
 total_blobs=13307, nmethods=12504, adapters=707, full_count=0
Compilation: enabled, stopped_count=0, restarted_count=0

Compilation events (20 events):
Event: 82.992 Thread 0x000001c5e80214d0 13517       2       java.util.regex.Pattern$GroupTail::<init> (17 bytes)
Event: 82.993 Thread 0x000001c5e80214d0 nmethod 13517 0x000001c58f19bc90 code [0x000001c58f19be20, 0x000001c58f19bf58]
Event: 83.003 Thread 0x000001c5e80214d0 13518       3       org.eclipse.core.runtime.MultiStatus::add (45 bytes)
Event: 83.004 Thread 0x000001c5e80214d0 nmethod 13518 0x000001c58f19c010 code [0x000001c58f19c220, 0x000001c58f19c868]
Event: 83.004 Thread 0x000001c5e801e7c0 nmethod 13498 0x000001c5959db810 code [0x000001c5959dbae0, 0x000001c5959dcfa8]
Event: 83.004 Thread 0x000001c5e801e7c0 13492       4       org.eclipse.jdt.internal.compiler.parser.ScannerHelper::digit (147 bytes)
Event: 83.005 Thread 0x000001c5e801e7c0 nmethod 13492 0x000001c5959ddb90 code [0x000001c5959ddd20, 0x000001c5959ddde0]
Event: 83.005 Thread 0x000001c5e801e7c0 13493       4       org.eclipse.jdt.internal.compiler.lookup.Scope::getTypeOrPackage (1525 bytes)
Event: 83.013 Thread 0x000001c5e80214d0 13520       2       org.eclipse.jdt.ls.core.internal.JobHelpers$BuildJobMatcher::matches (41 bytes)
Event: 83.014 Thread 0x000001c5e80214d0 nmethod 13520 0x000001c58f19ca90 code [0x000001c58f19cca0, 0x000001c58f19d040]
Event: 83.024 Thread 0x000001c5e80214d0 13521       2       java.util.regex.Pattern::createGroup (86 bytes)
Event: 83.025 Thread 0x000001c5e80214d0 nmethod 13521 0x000001c58f19d310 code [0x000001c58f19d4c0, 0x000001c58f19d810]
Event: 83.025 Thread 0x000001c5e80214d0 13522       2       java.util.regex.Pattern::accept (43 bytes)
Event: 83.026 Thread 0x000001c5e80214d0 nmethod 13522 0x000001c58f19d990 code [0x000001c58f19db40, 0x000001c58f19dd20]
Event: 83.070 Thread 0x000001c5e801e7c0 nmethod 13493 0x000001c5959dde90 code [0x000001c5959de280, 0x000001c5959e0260]
Event: 83.071 Thread 0x000001c5e801e7c0 13497   !   4       org.eclipse.jdt.internal.core.NameLookup::seekTypesInSourcePackage (442 bytes)
Event: 83.119 Thread 0x000001c5e801e7c0 nmethod 13497 0x000001c5959e1c90 code [0x000001c5959e2020, 0x000001c5959e3558]
Event: 83.120 Thread 0x000001c5e801e7c0 13508       4       org.eclipse.jdt.internal.compiler.lookup.ReferenceBinding::getTypeVariable (37 bytes)
Event: 83.123 Thread 0x000001c5e801e7c0 nmethod 13508 0x000001c5959e4a10 code [0x000001c5959e4ba0, 0x000001c5959e4df0]
Event: 83.123 Thread 0x000001c5e801e7c0 13494       4       org.eclipse.jdt.internal.core.NameLookup::findPackageFragments (551 bytes)

GC Heap History (20 events):
Event: 79.441 GC heap after
{Heap after GC invocations=1065 (full 3):
 PSYoungGen      total 3584K, used 160K [0x00000000d5580000, 0x00000000d5980000, 0x0000000100000000)
  eden space 3072K, 0% used [0x00000000d5580000,0x00000000d5580000,0x00000000d5880000)
  from space 512K, 31% used [0x00000000d5900000,0x00000000d5928000,0x00000000d5980000)
  to   space 512K, 0% used [0x00000000d5880000,0x00000000d5880000,0x00000000d5900000)
 ParOldGen       total 400896K, used 400505K [0x0000000080000000, 0x0000000098780000, 0x00000000d5580000)
  object space 400896K, 99% used [0x0000000080000000,0x000000009871e5c0,0x0000000098780000)
 Metaspace       used 74293K, committed 75904K, reserved 1179648K
  class space    used 8355K, committed 9088K, reserved 1048576K
}
Event: 79.445 GC heap before
{Heap before GC invocations=1066 (full 3):
 PSYoungGen      total 3584K, used 3232K [0x00000000d5580000, 0x00000000d5980000, 0x0000000100000000)
  eden space 3072K, 100% used [0x00000000d5580000,0x00000000d5880000,0x00000000d5880000)
  from space 512K, 31% used [0x00000000d5900000,0x00000000d5928000,0x00000000d5980000)
  to   space 512K, 0% used [0x00000000d5880000,0x00000000d5880000,0x00000000d5900000)
 ParOldGen       total 400896K, used 400505K [0x0000000080000000, 0x0000000098780000, 0x00000000d5580000)
  object space 400896K, 99% used [0x0000000080000000,0x000000009871e5c0,0x0000000098780000)
 Metaspace       used 74298K, committed 75904K, reserved 1179648K
  class space    used 8356K, committed 9088K, reserved 1048576K
}
Event: 79.446 GC heap after
{Heap after GC invocations=1066 (full 3):
 PSYoungGen      total 3584K, used 256K [0x00000000d5580000, 0x00000000d5a80000, 0x0000000100000000)
  eden space 3072K, 0% used [0x00000000d5580000,0x00000000d5580000,0x00000000d5880000)
  from space 512K, 50% used [0x00000000d5880000,0x00000000d58c0000,0x00000000d5900000)
  to   space 512K, 0% used [0x00000000d5a00000,0x00000000d5a00000,0x00000000d5a80000)
 ParOldGen       total 400896K, used 400545K [0x0000000080000000, 0x0000000098780000, 0x00000000d5580000)
  object space 400896K, 99% used [0x0000000080000000,0x00000000987285c0,0x0000000098780000)
 Metaspace       used 74298K, committed 75904K, reserved 1179648K
  class space    used 8356K, committed 9088K, reserved 1048576K
}
Event: 79.468 GC heap before
{Heap before GC invocations=1067 (full 3):
 PSYoungGen      total 3584K, used 3328K [0x00000000d5580000, 0x00000000d5a80000, 0x0000000100000000)
  eden space 3072K, 100% used [0x00000000d5580000,0x00000000d5880000,0x00000000d5880000)
  from space 512K, 50% used [0x00000000d5880000,0x00000000d58c0000,0x00000000d5900000)
  to   space 512K, 0% used [0x00000000d5a00000,0x00000000d5a00000,0x00000000d5a80000)
 ParOldGen       total 400896K, used 400545K [0x0000000080000000, 0x0000000098780000, 0x00000000d5580000)
  object space 400896K, 99% used [0x0000000080000000,0x00000000987285c0,0x0000000098780000)
 Metaspace       used 74305K, committed 75904K, reserved 1179648K
  class space    used 8357K, committed 9088K, reserved 1048576K
}
Event: 79.471 GC heap after
{Heap after GC invocations=1067 (full 3):
 PSYoungGen      total 3072K, used 512K [0x00000000d5580000, 0x00000000d5d80000, 0x0000000100000000)
  eden space 2560K, 0% used [0x00000000d5580000,0x00000000d5580000,0x00000000d5800000)
  from space 512K, 100% used [0x00000000d5a00000,0x00000000d5a80000,0x00000000d5a80000)
  to   space 2048K, 0% used [0x00000000d5800000,0x00000000d5800000,0x00000000d5a00000)
 ParOldGen       total 401920K, used 401682K [0x0000000080000000, 0x0000000098880000, 0x00000000d5580000)
  object space 401920K, 99% used [0x0000000080000000,0x0000000098844838,0x0000000098880000)
 Metaspace       used 74305K, committed 75904K, reserved 1179648K
  class space    used 8357K, committed 9088K, reserved 1048576K
}
Event: 79.560 GC heap before
{Heap before GC invocations=1068 (full 3):
 PSYoungGen      total 3072K, used 3072K [0x00000000d5580000, 0x00000000d5d80000, 0x0000000100000000)
  eden space 2560K, 100% used [0x00000000d5580000,0x00000000d5800000,0x00000000d5800000)
  from space 512K, 100% used [0x00000000d5a00000,0x00000000d5a80000,0x00000000d5a80000)
  to   space 2048K, 0% used [0x00000000d5800000,0x00000000d5800000,0x00000000d5a00000)
 ParOldGen       total 401920K, used 401682K [0x0000000080000000, 0x0000000098880000, 0x00000000d5580000)
  object space 401920K, 99% used [0x0000000080000000,0x0000000098844838,0x0000000098880000)
 Metaspace       used 74340K, committed 75904K, reserved 1179648K
  class space    used 8357K, committed 9088K, reserved 1048576K
}
Event: 79.563 GC heap after
{Heap after GC invocations=1068 (full 3):
 PSYoungGen      total 4096K, used 1302K [0x00000000d5580000, 0x00000000d5b00000, 0x0000000100000000)
  eden space 2560K, 0% used [0x00000000d5580000,0x00000000d5580000,0x00000000d5800000)
  from space 1536K, 84% used [0x00000000d5800000,0x00000000d5945940,0x00000000d5980000)
  to   space 1536K, 0% used [0x00000000d5980000,0x00000000d5980000,0x00000000d5b00000)
 ParOldGen       total 402432K, used 402234K [0x0000000080000000, 0x0000000098900000, 0x00000000d5580000)
  object space 402432K, 99% used [0x0000000080000000,0x00000000988ce838,0x0000000098900000)
 Metaspace       used 74340K, committed 75904K, reserved 1179648K
  class space    used 8357K, committed 9088K, reserved 1048576K
}
Event: 79.609 GC heap before
{Heap before GC invocations=1069 (full 3):
 PSYoungGen      total 4096K, used 3862K [0x00000000d5580000, 0x00000000d5b00000, 0x0000000100000000)
  eden space 2560K, 100% used [0x00000000d5580000,0x00000000d5800000,0x00000000d5800000)
  from space 1536K, 84% used [0x00000000d5800000,0x00000000d5945940,0x00000000d5980000)
  to   space 1536K, 0% used [0x00000000d5980000,0x00000000d5980000,0x00000000d5b00000)
 ParOldGen       total 402432K, used 402234K [0x0000000080000000, 0x0000000098900000, 0x00000000d5580000)
  object space 402432K, 99% used [0x0000000080000000,0x00000000988ce838,0x0000000098900000)
 Metaspace       used 74350K, committed 75904K, reserved 1179648K
  class space    used 8357K, committed 9088K, reserved 1048576K
}
Event: 79.614 GC heap after
{Heap after GC invocations=1069 (full 3):
 PSYoungGen      total 3584K, used 1504K [0x00000000d5580000, 0x00000000d5c00000, 0x0000000100000000)
  eden space 2048K, 0% used [0x00000000d5580000,0x00000000d5580000,0x00000000d5780000)
  from space 1536K, 97% used [0x00000000d5980000,0x00000000d5af8000,0x00000000d5b00000)
  to   space 2048K, 0% used [0x00000000d5780000,0x00000000d5780000,0x00000000d5980000)
 ParOldGen       total 403456K, used 403342K [0x0000000080000000, 0x0000000098a00000, 0x00000000d5580000)
  object space 403456K, 99% used [0x0000000080000000,0x00000000989e3ab8,0x0000000098a00000)
 Metaspace       used 74350K, committed 75904K, reserved 1179648K
  class space    used 8357K, committed 9088K, reserved 1048576K
}
Event: 79.629 GC heap before
{Heap before GC invocations=1070 (full 3):
 PSYoungGen      total 3584K, used 3552K [0x00000000d5580000, 0x00000000d5c00000, 0x0000000100000000)
  eden space 2048K, 100% used [0x00000000d5580000,0x00000000d5780000,0x00000000d5780000)
  from space 1536K, 97% used [0x00000000d5980000,0x00000000d5af8000,0x00000000d5b00000)
  to   space 2048K, 0% used [0x00000000d5780000,0x00000000d5780000,0x00000000d5980000)
 ParOldGen       total 403456K, used 403342K [0x0000000080000000, 0x0000000098a00000, 0x00000000d5580000)
  object space 403456K, 99% used [0x0000000080000000,0x00000000989e3ab8,0x0000000098a00000)
 Metaspace       used 74352K, committed 75904K, reserved 1179648K
  class space    used 8357K, committed 9088K, reserved 1048576K
}
Event: 79.634 GC heap after
{Heap after GC invocations=1070 (full 3):
 PSYoungGen      total 4096K, used 1536K [0x00000000d5580000, 0x00000000d5b80000, 0x0000000100000000)
  eden space 2048K, 0% used [0x00000000d5580000,0x00000000d5580000,0x00000000d5780000)
  from space 2048K, 75% used [0x00000000d5780000,0x00000000d5900000,0x00000000d5980000)
  to   space 2048K, 0% used [0x00000000d5980000,0x00000000d5980000,0x00000000d5b80000)
 ParOldGen       total 404992K, used 404734K [0x0000000080000000, 0x0000000098b80000, 0x00000000d5580000)
  object space 404992K, 99% used [0x0000000080000000,0x0000000098b3fab8,0x0000000098b80000)
 Metaspace       used 74352K, committed 75904K, reserved 1179648K
  class space    used 8357K, committed 9088K, reserved 1048576K
}
Event: 79.671 GC heap before
{Heap before GC invocations=1071 (full 3):
 PSYoungGen      total 4096K, used 3584K [0x00000000d5580000, 0x00000000d5b80000, 0x0000000100000000)
  eden space 2048K, 100% used [0x00000000d5580000,0x00000000d5780000,0x00000000d5780000)
  from space 2048K, 75% used [0x00000000d5780000,0x00000000d5900000,0x00000000d5980000)
  to   space 2048K, 0% used [0x00000000d5980000,0x00000000d5980000,0x00000000d5b80000)
 ParOldGen       total 404992K, used 404734K [0x0000000080000000, 0x0000000098b80000, 0x00000000d5580000)
  object space 404992K, 99% used [0x0000000080000000,0x0000000098b3fab8,0x0000000098b80000)
 Metaspace       used 74357K, committed 75904K, reserved 1179648K
  class space    used 8357K, committed 9088K, reserved 1048576K
}
Event: 80.674 GC heap after
{Heap after GC invocations=1071 (full 3):
 PSYoungGen      total 4096K, used 1184K [0x00000000d5580000, 0x00000000d5b00000, 0x0000000100000000)
  eden space 2560K, 0% used [0x00000000d5580000,0x00000000d5580000,0x00000000d5800000)
  from space 1536K, 77% used [0x00000000d5980000,0x00000000d5aa8000,0x00000000d5b00000)
  to   space 1536K, 0% used [0x00000000d5800000,0x00000000d5800000,0x00000000d5980000)
 ParOldGen       total 406528K, used 406190K [0x0000000080000000, 0x0000000098d00000, 0x00000000d5580000)
  object space 406528K, 99% used [0x0000000080000000,0x0000000098cabab8,0x0000000098d00000)
 Metaspace       used 74357K, committed 75904K, reserved 1179648K
  class space    used 8357K, committed 9088K, reserved 1048576K
}
Event: 80.742 GC heap before
{Heap before GC invocations=1072 (full 3):
 PSYoungGen      total 4096K, used 3744K [0x00000000d5580000, 0x00000000d5b00000, 0x0000000100000000)
  eden space 2560K, 100% used [0x00000000d5580000,0x00000000d5800000,0x00000000d5800000)
  from space 1536K, 77% used [0x00000000d5980000,0x00000000d5aa8000,0x00000000d5b00000)
  to   space 1536K, 0% used [0x00000000d5800000,0x00000000d5800000,0x00000000d5980000)
 ParOldGen       total 406528K, used 406190K [0x0000000080000000, 0x0000000098d00000, 0x00000000d5580000)
  object space 406528K, 99% used [0x0000000080000000,0x0000000098cabab8,0x0000000098d00000)
 Metaspace       used 74358K, committed 75904K, reserved 1179648K
  class space    used 8357K, committed 9088K, reserved 1048576K
}
Event: 81.745 GC heap after
{Heap after GC invocations=1072 (full 3):
 PSYoungGen      total 4096K, used 992K [0x00000000d5580000, 0x00000000d5b80000, 0x0000000100000000)
  eden space 2560K, 0% used [0x00000000d5580000,0x00000000d5580000,0x00000000d5800000)
  from space 1536K, 64% used [0x00000000d5800000,0x00000000d58f8000,0x00000000d5980000)
  to   space 1536K, 0% used [0x00000000d5a00000,0x00000000d5a00000,0x00000000d5b80000)
 ParOldGen       total 407552K, used 407246K [0x0000000080000000, 0x0000000098e00000, 0x00000000d5580000)
  object space 407552K, 99% used [0x0000000080000000,0x0000000098db3ab8,0x0000000098e00000)
 Metaspace       used 74358K, committed 75904K, reserved 1179648K
  class space    used 8357K, committed 9088K, reserved 1048576K
}
Event: 81.891 GC heap before
{Heap before GC invocations=1073 (full 3):
 PSYoungGen      total 4096K, used 3551K [0x00000000d5580000, 0x00000000d5b80000, 0x0000000100000000)
  eden space 2560K, 99% used [0x00000000d5580000,0x00000000d57fff40,0x00000000d5800000)
  from space 1536K, 64% used [0x00000000d5800000,0x00000000d58f8000,0x00000000d5980000)
  to   space 1536K, 0% used [0x00000000d5a00000,0x00000000d5a00000,0x00000000d5b80000)
 ParOldGen       total 407552K, used 407246K [0x0000000080000000, 0x0000000098e00000, 0x00000000d5580000)
  object space 407552K, 99% used [0x0000000080000000,0x0000000098db3ab8,0x0000000098e00000)
 Metaspace       used 74366K, committed 75968K, reserved 1179648K
  class space    used 8357K, committed 9088K, reserved 1048576K
}
Event: 81.892 GC heap after
{Heap after GC invocations=1073 (full 3):
 PSYoungGen      total 3584K, used 288K [0x00000000d5580000, 0x00000000d5a80000, 0x0000000100000000)
  eden space 3072K, 0% used [0x00000000d5580000,0x00000000d5580000,0x00000000d5880000)
  from space 512K, 56% used [0x00000000d5a00000,0x00000000d5a48000,0x00000000d5a80000)
  to   space 1024K, 0% used [0x00000000d5880000,0x00000000d5880000,0x00000000d5980000)
 ParOldGen       total 408576K, used 408078K [0x0000000080000000, 0x0000000098f00000, 0x00000000d5580000)
  object space 408576K, 99% used [0x0000000080000000,0x0000000098e83ac8,0x0000000098f00000)
 Metaspace       used 74366K, committed 75968K, reserved 1179648K
  class space    used 8357K, committed 9088K, reserved 1048576K
}
Event: 82.925 GC heap before
{Heap before GC invocations=1074 (full 3):
 PSYoungGen      total 3584K, used 3360K [0x00000000d5580000, 0x00000000d5a80000, 0x0000000100000000)
  eden space 3072K, 100% used [0x00000000d5580000,0x00000000d5880000,0x00000000d5880000)
  from space 512K, 56% used [0x00000000d5a00000,0x00000000d5a48000,0x00000000d5a80000)
  to   space 1024K, 0% used [0x00000000d5880000,0x00000000d5880000,0x00000000d5980000)
 ParOldGen       total 408576K, used 408078K [0x0000000080000000, 0x0000000098f00000, 0x00000000d5580000)
  object space 408576K, 99% used [0x0000000080000000,0x0000000098e83ac8,0x0000000098f00000)
 Metaspace       used 74366K, committed 75968K, reserved 1179648K
  class space    used 8357K, committed 9088K, reserved 1048576K
}
Event: 82.926 GC heap after
{Heap after GC invocations=1074 (full 3):
 PSYoungGen      total 4096K, used 256K [0x00000000d5580000, 0x00000000d5a80000, 0x0000000100000000)
  eden space 3072K, 0% used [0x00000000d5580000,0x00000000d5580000,0x00000000d5880000)
  from space 1024K, 25% used [0x00000000d5880000,0x00000000d58c0000,0x00000000d5980000)
  to   space 512K, 0% used [0x00000000d5a00000,0x00000000d5a00000,0x00000000d5a80000)
 ParOldGen       total 408576K, used 408174K [0x0000000080000000, 0x0000000098f00000, 0x00000000d5580000)
  object space 408576K, 99% used [0x0000000080000000,0x0000000098e9bbe8,0x0000000098f00000)
 Metaspace       used 74366K, committed 75968K, reserved 1179648K
  class space    used 8357K, committed 9088K, reserved 1048576K
}
Event: 83.160 GC heap before
{Heap before GC invocations=1075 (full 3):
 PSYoungGen      total 4096K, used 3327K [0x00000000d5580000, 0x00000000d5a80000, 0x0000000100000000)
  eden space 3072K, 99% used [0x00000000d5580000,0x00000000d587ff78,0x00000000d5880000)
  from space 1024K, 25% used [0x00000000d5880000,0x00000000d58c0000,0x00000000d5980000)
  to   space 512K, 0% used [0x00000000d5a00000,0x00000000d5a00000,0x00000000d5a80000)
 ParOldGen       total 408576K, used 408174K [0x0000000080000000, 0x0000000098f00000, 0x00000000d5580000)
  object space 408576K, 99% used [0x0000000080000000,0x0000000098e9bbe8,0x0000000098f00000)
 Metaspace       used 74369K, committed 75968K, reserved 1179648K
  class space    used 8357K, committed 9088K, reserved 1048576K
}

Dll operation events (15 events):
Event: 0.031 Loaded shared library c:\Users\Ali\.vscode\extensions\redhat.java-1.44.0-win32-x64\jre\21.0.8-win32-x86_64\bin\java.dll
Event: 0.109 Loaded shared library c:\Users\Ali\.vscode\extensions\redhat.java-1.44.0-win32-x64\jre\21.0.8-win32-x86_64\bin\zip.dll
Event: 0.139 Loaded shared library C:\Users\Ali\.vscode\extensions\redhat.java-1.44.0-win32-x64\jre\21.0.8-win32-x86_64\bin\instrument.dll
Event: 0.146 Loaded shared library C:\Users\Ali\.vscode\extensions\redhat.java-1.44.0-win32-x64\jre\21.0.8-win32-x86_64\bin\net.dll
Event: 0.151 Loaded shared library C:\Users\Ali\.vscode\extensions\redhat.java-1.44.0-win32-x64\jre\21.0.8-win32-x86_64\bin\nio.dll
Event: 0.156 Loaded shared library C:\Users\Ali\.vscode\extensions\redhat.java-1.44.0-win32-x64\jre\21.0.8-win32-x86_64\bin\zip.dll
Event: 0.183 Loaded shared library C:\Users\Ali\.vscode\extensions\redhat.java-1.44.0-win32-x64\jre\21.0.8-win32-x86_64\bin\jimage.dll
Event: 0.279 Loaded shared library c:\Users\Ali\.vscode\extensions\redhat.java-1.44.0-win32-x64\jre\21.0.8-win32-x86_64\bin\verify.dll
Event: 10.692 Loaded shared library C:\Users\Ali\AppData\Roaming\Code\User\globalStorage\redhat.java\1.44.0\config_win\org.eclipse.equinox.launcher\org.eclipse.equinox.launcher.win32.win32.x86_64_1.2.1400.v20250730-1736\eclipse_11913.dll
Event: 24.951 Loaded shared library C:\Users\Ali\AppData\Local\Temp\jna-65918\jna13318108933872202503.dll
Event: 28.529 Loaded shared library C:\Users\Ali\.vscode\extensions\redhat.java-1.44.0-win32-x64\jre\21.0.8-win32-x86_64\bin\sunmscapi.dll
Event: 29.576 Loaded shared library C:\Users\Ali\.vscode\extensions\redhat.java-1.44.0-win32-x64\jre\21.0.8-win32-x86_64\bin\extnet.dll
Event: 55.459 Loaded shared library C:\Users\Ali\.gradle\native\1def1411415f61bf3af743bc5b6707747c0891f09f0c88961ee8f79bc544acac\windows-amd64\native-platform.dll
Event: 68.148 Loaded shared library C:\Users\Ali\.vscode\extensions\redhat.java-1.44.0-win32-x64\jre\21.0.8-win32-x86_64\bin\management.dll
Event: 68.156 Loaded shared library C:\Users\Ali\.vscode\extensions\redhat.java-1.44.0-win32-x64\jre\21.0.8-win32-x86_64\bin\management_ext.dll

Deoptimization events (20 events):
Event: 81.851 Thread 0x000001c5f58bb9f0 DEOPT PACKING pc=0x000001c58f187c44 sp=0x000000b81f0ff060
Event: 81.851 Thread 0x000001c5f58bb9f0 DEOPT UNPACKING pc=0x000001c594ae4242 sp=0x000000b81f0fe4e0 mode 0
Event: 81.851 Thread 0x000001c5f58bb9f0 DEOPT PACKING pc=0x000001c58f187c44 sp=0x000000b81f0ff060
Event: 81.851 Thread 0x000001c5f58bb9f0 DEOPT UNPACKING pc=0x000001c594ae4242 sp=0x000000b81f0fe4e0 mode 0
Event: 81.852 Thread 0x000001c5f58bb9f0 DEOPT PACKING pc=0x000001c58f187c44 sp=0x000000b81f0ff060
Event: 81.852 Thread 0x000001c5f58bb9f0 DEOPT UNPACKING pc=0x000001c594ae4242 sp=0x000000b81f0fe4e0 mode 0
Event: 81.853 Thread 0x000001c5f58bb9f0 DEOPT PACKING pc=0x000001c58f187c44 sp=0x000000b81f0ff060
Event: 81.853 Thread 0x000001c5f58bb9f0 DEOPT UNPACKING pc=0x000001c594ae4242 sp=0x000000b81f0fe4e0 mode 0
Event: 81.854 Thread 0x000001c5f58bb9f0 DEOPT PACKING pc=0x000001c58f187c44 sp=0x000000b81f0ff060
Event: 81.854 Thread 0x000001c5f58bb9f0 DEOPT UNPACKING pc=0x000001c594ae4242 sp=0x000000b81f0fe4e0 mode 0
Event: 81.855 Thread 0x000001c5f58bb9f0 DEOPT PACKING pc=0x000001c58f187c44 sp=0x000000b81f0ff060
Event: 81.855 Thread 0x000001c5f58bb9f0 DEOPT UNPACKING pc=0x000001c594ae4242 sp=0x000000b81f0fe4e0 mode 0
Event: 81.857 Thread 0x000001c5f58bb9f0 DEOPT PACKING pc=0x000001c58f187c44 sp=0x000000b81f0ff060
Event: 81.857 Thread 0x000001c5f58bb9f0 DEOPT UNPACKING pc=0x000001c594ae4242 sp=0x000000b81f0fe4e0 mode 0
Event: 81.858 Thread 0x000001c5f58bb9f0 DEOPT PACKING pc=0x000001c58f187c44 sp=0x000000b81f0ff060
Event: 81.858 Thread 0x000001c5f58bb9f0 DEOPT UNPACKING pc=0x000001c594ae4242 sp=0x000000b81f0fe4e0 mode 0
Event: 81.859 Thread 0x000001c5f58bb9f0 DEOPT PACKING pc=0x000001c58f187c44 sp=0x000000b81f0ff060
Event: 81.859 Thread 0x000001c5f58bb9f0 DEOPT UNPACKING pc=0x000001c594ae4242 sp=0x000000b81f0fe4e0 mode 0
Event: 82.920 Thread 0x000001c5f58bb9f0 DEOPT PACKING pc=0x000001c58f135556 sp=0x000000b81f0ff010
Event: 82.920 Thread 0x000001c5f58bb9f0 DEOPT UNPACKING pc=0x000001c594ae4242 sp=0x000000b81f0fe460 mode 0

Classes loaded (20 events):
Event: 77.903 Loading class java/util/concurrent/ConcurrentHashMap$TreeNode
Event: 77.903 Loading class java/util/concurrent/ConcurrentHashMap$TreeNode done
Event: 77.903 Loading class java/util/concurrent/ConcurrentHashMap$TreeBin
Event: 77.904 Loading class java/util/concurrent/ConcurrentHashMap$TreeBin done
Event: 78.062 Loading class java/util/Hashtable$KeySet
Event: 78.062 Loading class java/util/Hashtable$KeySet done
Event: 78.072 Loading class java/util/concurrent/CompletableFuture$UniApply
Event: 78.073 Loading class java/util/concurrent/CompletableFuture$UniCompletion
Event: 78.073 Loading class java/util/concurrent/CompletableFuture$UniCompletion done
Event: 78.073 Loading class java/util/concurrent/CompletableFuture$UniApply done
Event: 78.075 Loading class java/util/concurrent/CompletableFuture$UniAccept
Event: 78.075 Loading class java/util/concurrent/CompletableFuture$UniAccept done
Event: 78.075 Loading class java/util/concurrent/CompletableFuture$UniExceptionally
Event: 78.075 Loading class java/util/concurrent/CompletableFuture$UniExceptionally done
Event: 78.125 Loading class java/util/stream/DistinctOps
Event: 78.126 Loading class java/util/stream/DistinctOps done
Event: 78.126 Loading class java/util/stream/DistinctOps$1
Event: 78.126 Loading class java/util/stream/DistinctOps$1 done
Event: 78.130 Loading class java/util/stream/DistinctOps$1$2
Event: 78.130 Loading class java/util/stream/DistinctOps$1$2 done

Classes unloaded (13 events):
Event: 26.687 Thread 0x000001c58a42e8d0 Unloading class 0x000001c5a21a5000 'java/lang/invoke/LambdaForm$MH+0x000001c5a21a5000'
Event: 26.687 Thread 0x000001c58a42e8d0 Unloading class 0x000001c5a21a4c00 'java/lang/invoke/LambdaForm$MH+0x000001c5a21a4c00'
Event: 26.687 Thread 0x000001c58a42e8d0 Unloading class 0x000001c5a21a4800 'java/lang/invoke/LambdaForm$MH+0x000001c5a21a4800'
Event: 26.687 Thread 0x000001c58a42e8d0 Unloading class 0x000001c5a21a4400 'java/lang/invoke/LambdaForm$MH+0x000001c5a21a4400'
Event: 26.687 Thread 0x000001c58a42e8d0 Unloading class 0x000001c5a21a4000 'java/lang/invoke/LambdaForm$BMH+0x000001c5a21a4000'
Event: 26.687 Thread 0x000001c58a42e8d0 Unloading class 0x000001c5a21a3c00 'java/lang/invoke/LambdaForm$DMH+0x000001c5a21a3c00'
Event: 26.687 Thread 0x000001c58a42e8d0 Unloading class 0x000001c5a21a2800 'java/lang/invoke/LambdaForm$DMH+0x000001c5a21a2800'
Event: 28.701 Thread 0x000001c58a42e8d0 Unloading class 0x000001c5a2308c00 'java/lang/invoke/LambdaForm$MH+0x000001c5a2308c00'
Event: 28.702 Thread 0x000001c58a42e8d0 Unloading class 0x000001c5a2308400 'java/lang/invoke/LambdaForm$MH+0x000001c5a2308400'
Event: 28.702 Thread 0x000001c58a42e8d0 Unloading class 0x000001c5a2303800 'java/lang/invoke/LambdaForm$MH+0x000001c5a2303800'
Event: 28.702 Thread 0x000001c58a42e8d0 Unloading class 0x000001c5a2303000 'java/lang/invoke/LambdaForm$MH+0x000001c5a2303000'
Event: 28.702 Thread 0x000001c58a42e8d0 Unloading class 0x000001c5a2302800 'java/lang/invoke/LambdaForm$DMH+0x000001c5a2302800'
Event: 28.702 Thread 0x000001c58a42e8d0 Unloading class 0x000001c5a2302000 'java/lang/invoke/LambdaForm$MH+0x000001c5a2302000'

Classes redefined (0 events):
No events

Internal exceptions (20 events):
Event: 79.520 Thread 0x000001c5f58bb9f0 Exception <a 'sun/nio/fs/WindowsException'{0x00000000d56e7660}> (0x00000000d56e7660) 
thrown [s\src\hotspot\share\prims\jni.cpp, line 520]
Event: 79.522 Thread 0x000001c5f55d4b10 Exception <a 'sun/nio/fs/WindowsException'{0x00000000d56fce48}> (0x00000000d56fce48) 
thrown [s\src\hotspot\share\prims\jni.cpp, line 520]
Event: 79.522 Thread 0x000001c5f55d3df0 Exception <a 'sun/nio/fs/WindowsException'{0x00000000d56fe880}> (0x00000000d56fe880) 
thrown [s\src\hotspot\share\prims\jni.cpp, line 520]
Event: 79.522 Thread 0x000001c5f55d4480 Exception <a 'sun/nio/fs/WindowsException'{0x00000000d570ed98}> (0x00000000d570ed98) 
thrown [s\src\hotspot\share\prims\jni.cpp, line 520]
Event: 79.523 Thread 0x000001c5f55d3df0 Exception <a 'sun/nio/fs/WindowsException'{0x00000000d5728750}> (0x00000000d5728750) 
thrown [s\src\hotspot\share\prims\jni.cpp, line 520]
Event: 79.525 Thread 0x000001c5f55d6550 Exception <a 'sun/nio/fs/WindowsException'{0x00000000d5676278}> (0x00000000d5676278) 
thrown [s\src\hotspot\share\prims\jni.cpp, line 520]
Event: 79.526 Thread 0x000001c5f55d6550 Exception <a 'sun/nio/fs/WindowsException'{0x00000000d5740700}> (0x00000000d5740700) 
thrown [s\src\hotspot\share\prims\jni.cpp, line 520]
Event: 79.530 Thread 0x000001c5f55d4b10 Exception <a 'sun/nio/fs/WindowsException'{0x00000000d57483c8}> (0x00000000d57483c8) 
thrown [s\src\hotspot\share\prims\jni.cpp, line 520]
Event: 79.531 Thread 0x000001c5f55d4b10 Exception <a 'sun/nio/fs/WindowsException'{0x00000000d5762650}> (0x00000000d5762650) 
thrown [s\src\hotspot\share\prims\jni.cpp, line 520]
Event: 79.534 Thread 0x000001c5f58b9fb0 Exception <a 'sun/nio/fs/WindowsException'{0x00000000d5761048}> (0x00000000d5761048) 
thrown [s\src\hotspot\share\prims\jni.cpp, line 520]
Event: 79.534 Thread 0x000001c5f55d4480 Exception <a 'sun/nio/fs/WindowsException'{0x00000000d5772238}> (0x00000000d5772238) 
thrown [s\src\hotspot\share\prims\jni.cpp, line 520]
Event: 79.537 Thread 0x000001c5f55d6550 Exception <a 'sun/nio/fs/WindowsException'{0x00000000d57758c8}> (0x00000000d57758c8) 
thrown [s\src\hotspot\share\prims\jni.cpp, line 520]
Event: 79.538 Thread 0x000001c5f58bc710 Exception <a 'sun/nio/fs/WindowsException'{0x00000000d57737e8}> (0x00000000d57737e8) 
thrown [s\src\hotspot\share\prims\jni.cpp, line 520]
Event: 79.538 Thread 0x000001c5f55d6550 Exception <a 'sun/nio/fs/WindowsException'{0x00000000d5798a00}> (0x00000000d5798a00) 
thrown [s\src\hotspot\share\prims\jni.cpp, line 520]
Event: 79.538 Thread 0x000001c5f58b9920 Exception <a 'sun/nio/fs/WindowsException'{0x00000000d573b840}> (0x00000000d573b840) 
thrown [s\src\hotspot\share\prims\jni.cpp, line 520]
Event: 79.539 Thread 0x000001c5f58bcda0 Exception <a 'sun/nio/fs/WindowsException'{0x00000000d56d8160}> (0x00000000d56d8160) 
thrown [s\src\hotspot\share\prims\jni.cpp, line 520]
Event: 79.542 Thread 0x000001c5f55d4480 Exception <a 'sun/nio/fs/WindowsException'{0x00000000d5786ac0}> (0x00000000d5786ac0) 
thrown [s\src\hotspot\share\prims\jni.cpp, line 520]
Event: 79.595 Thread 0x000001c5e8a4fa30 Exception <a 'sun/nio/fs/WindowsException'{0x00000000d567fa40}> (0x00000000d567fa40) 
thrown [s\src\hotspot\share\prims\jni.cpp, line 520]
Event: 79.596 Thread 0x000001c5f58ba640 Exception <a 'sun/nio/fs/WindowsException'{0x00000000d5665038}> (0x00000000d5665038) 
thrown [s\src\hotspot\share\prims\jni.cpp, line 520]
Event: 79.597 Thread 0x000001c5f58bb9f0 Exception <a 'sun/nio/fs/WindowsException'{0x00000000d5663760}> (0x00000000d5663760) 
thrown [s\src\hotspot\share\prims\jni.cpp, line 520]

ZGC Phase Switch (0 events):
No events

VM Operations (20 events):
Event: 79.441 Executing VM operation: ParallelGCFailedAllocation (Allocation Failure) done
Event: 79.445 Executing VM operation: ParallelGCFailedAllocation (Allocation Failure)
Event: 79.446 Executing VM operation: ParallelGCFailedAllocation (Allocation Failure) done
Event: 79.467 Executing VM operation: ParallelGCFailedAllocation (Allocation Failure)
Event: 79.471 Executing VM operation: ParallelGCFailedAllocation (Allocation Failure) done
Event: 79.560 Executing VM operation: ParallelGCFailedAllocation (Allocation Failure)
Event: 79.563 Executing VM operation: ParallelGCFailedAllocation (Allocation Failure) done
Event: 79.609 Executing VM operation: ParallelGCFailedAllocation (Allocation Failure)
Event: 79.614 Executing VM operation: ParallelGCFailedAllocation (Allocation Failure) done
Event: 79.629 Executing VM operation: ParallelGCFailedAllocation (Allocation Failure)
Event: 79.634 Executing VM operation: ParallelGCFailedAllocation (Allocation Failure) done
Event: 79.671 Executing VM operation: ParallelGCFailedAllocation (Allocation Failure)
Event: 80.674 Executing VM operation: ParallelGCFailedAllocation (Allocation Failure) done
Event: 80.742 Executing VM operation: ParallelGCFailedAllocation (Allocation Failure)
Event: 81.745 Executing VM operation: ParallelGCFailedAllocation (Allocation Failure) done
Event: 81.890 Executing VM operation: ParallelGCFailedAllocation (Allocation Failure)
Event: 81.893 Executing VM operation: ParallelGCFailedAllocation (Allocation Failure) done
Event: 82.015 Executing VM operation: ParallelGCFailedAllocation (Allocation Failure)
Event: 82.926 Executing VM operation: ParallelGCFailedAllocation (Allocation Failure) done
Event: 83.160 Executing VM operation: ParallelGCFailedAllocation (Allocation Failure)

Memory protections (0 events):
No events

Nmethod flushes (20 events):
Event: 41.768 Thread 0x000001c58a42e8d0 flushing  nmethod 0x000001c58ddd8a90
Event: 41.768 Thread 0x000001c58a42e8d0 flushing  nmethod 0x000001c58ddee990
Event: 41.768 Thread 0x000001c58a42e8d0 flushing  nmethod 0x000001c58ddf8e10
Event: 41.768 Thread 0x000001c58a42e8d0 flushing  nmethod 0x000001c58de00f10
Event: 41.768 Thread 0x000001c58a42e8d0 flushing  nmethod 0x000001c58de58290
Event: 41.768 Thread 0x000001c58a42e8d0 flushing  nmethod 0x000001c58de83290
Event: 41.768 Thread 0x000001c58a42e8d0 flushing  nmethod 0x000001c58de83590
Event: 41.768 Thread 0x000001c58a42e8d0 flushing  nmethod 0x000001c58de84810
Event: 41.768 Thread 0x000001c58a42e8d0 flushing  nmethod 0x000001c58de84d90
Event: 41.768 Thread 0x000001c58a42e8d0 flushing  nmethod 0x000001c58de8c590
Event: 41.768 Thread 0x000001c58a42e8d0 flushing  nmethod 0x000001c58dea6990
Event: 41.768 Thread 0x000001c58a42e8d0 flushing  nmethod 0x000001c58dea7c90
Event: 41.768 Thread 0x000001c58a42e8d0 flushing  nmethod 0x000001c58deac590
Event: 41.768 Thread 0x000001c58a42e8d0 flushing  nmethod 0x000001c58deaca10
Event: 41.768 Thread 0x000001c58a42e8d0 flushing  nmethod 0x000001c58deb1590
Event: 41.768 Thread 0x000001c58a42e8d0 flushing  nmethod 0x000001c58dec5310
Event: 41.768 Thread 0x000001c58a42e8d0 flushing  nmethod 0x000001c58def8a90
Event: 41.768 Thread 0x000001c58a42e8d0 flushing  nmethod 0x000001c58df0bf10
Event: 41.768 Thread 0x000001c58a42e8d0 flushing  nmethod 0x000001c58df0d090
Event: 41.768 Thread 0x000001c58a42e8d0 flushing  nmethod 0x000001c58df0f190

Events (20 events):
Event: 60.497 Thread 0x000001c5e9101610 Thread exited: 0x000001c5e9101610
Event: 67.743 Thread 0x000001c5e80214d0 Thread added: 0x000001c5e90fe660
Event: 68.295 Thread 0x000001c5eab95f00 Thread exited: 0x000001c5eab95f00
Event: 69.210 Thread 0x000001c5e90fe660 Thread exited: 0x000001c5e90fe660
Event: 69.533 Thread 0x000001c5e80214d0 Thread added: 0x000001c5e90ff400
Event: 71.592 Thread 0x000001c5eab93e30 Thread added: 0x000001c5eab95f00
Event: 78.076 Thread 0x000001c5eab93e30 Thread added: 0x000001c5f55d51a0
Event: 79.224 Thread 0x000001c5e80214d0 Thread added: 0x000001c5eb2945f0
Event: 79.448 Thread 0x000001c5e8a4fa30 Thread added: 0x000001c5f55d3df0
Event: 79.450 Thread 0x000001c5f55d3df0 Thread added: 0x000001c5f55d4b10
Event: 79.450 Thread 0x000001c5f55d3df0 Thread added: 0x000001c5f55d5830
Event: 79.451 Thread 0x000001c5f55d5830 Thread added: 0x000001c5f55d4480
Event: 79.451 Thread 0x000001c5f55d4b10 Thread added: 0x000001c5f55d6550
Event: 79.452 Thread 0x000001c5f55d4480 Thread added: 0x000001c5f58b9fb0
Event: 79.452 Thread 0x000001c5f55d6550 Thread added: 0x000001c5f58bcda0
Event: 79.452 Thread 0x000001c5f55d5830 Thread added: 0x000001c5f58ba640
Event: 79.452 Thread 0x000001c5f58b9fb0 Thread added: 0x000001c5f58bb9f0
Event: 79.453 Thread 0x000001c5f55d5830 Thread added: 0x000001c5f58b9920
Event: 79.453 Thread 0x000001c5f55d5830 Thread added: 0x000001c5f58bc710
Event: 79.453 Thread 0x000001c5f55d6550 Thread added: 0x000001c5f58be150


Dynamic libraries:
0x00007ff69fe90000 - 0x00007ff69fe9e000 	c:\Users\Ali\.vscode\extensions\redhat.java-1.44.0-win32-x64\jre\21.0.8-win32-x86_64\bin\java.exe
0x00007ffb31100000 - 0x00007ffb31367000 	C:\WINDOWS\SYSTEM32\ntdll.dll
0x00007ffb302b0000 - 0x00007ffb30379000 	C:\WINDOWS\System32\KERNEL32.DLL
0x00007ffb2e260000 - 0x00007ffb2e650000 	C:\WINDOWS\System32\KERNELBASE.dll
0x00007ffb2eb00000 - 0x00007ffb2ec4b000 	C:\WINDOWS\System32\ucrtbase.dll
0x00007ffadfe80000 - 0x00007ffadfe9e000 	c:\Users\Ali\.vscode\extensions\redhat.java-1.44.0-win32-x64\jre\21.0.8-win32-x86_64\bin\VCRUNTIME140.dll
0x00007ffae07c0000 - 0x00007ffae07d8000 	c:\Users\Ali\.vscode\extensions\redhat.java-1.44.0-win32-x64\jre\21.0.8-win32-x86_64\bin\jli.dll
0x00007ffb12510000 - 0x00007ffb127aa000 	C:\WINDOWS\WinSxS\amd64_microsoft.windows.common-controls_6595b64144ccf1df_6.0.26100.4768_none_3e0c112ce331287c\COMCTL32.dll
0x00007ffb30380000 - 0x00007ffb30545000 	C:\WINDOWS\System32\USER32.dll
0x00007ffb309b0000 - 0x00007ffb30a59000 	C:\WINDOWS\System32\msvcrt.dll
0x00007ffb2e230000 - 0x00007ffb2e257000 	C:\WINDOWS\System32\win32u.dll
0x00007ffb30170000 - 0x00007ffb3019b000 	C:\WINDOWS\System32\GDI32.dll
0x00007ffb2e7a0000 - 0x00007ffb2e8d8000 	C:\WINDOWS\System32\gdi32full.dll
0x00007ffb2e6f0000 - 0x00007ffb2e793000 	C:\WINDOWS\System32\msvcp_win.dll
0x00007ffb30620000 - 0x00007ffb3064f000 	C:\WINDOWS\System32\IMM32.DLL
0x00007ffb0bc20000 - 0x00007ffb0bc2c000 	c:\Users\Ali\.vscode\extensions\redhat.java-1.44.0-win32-x64\jre\21.0.8-win32-x86_64\bin\vcruntime140_1.dll
0x00007ffad1750000 - 0x00007ffad17dd000 	c:\Users\Ali\.vscode\extensions\redhat.java-1.44.0-win32-x64\jre\21.0.8-win32-x86_64\bin\msvcp140.dll
0x00007ffaaad50000 - 0x00007ffaabae7000 	c:\Users\Ali\.vscode\extensions\redhat.java-1.44.0-win32-x64\jre\21.0.8-win32-x86_64\bin\server\jvm.dll
0x00007ffb2f7b0000 - 0x00007ffb2f864000 	C:\WINDOWS\System32\ADVAPI32.dll
0x00007ffb306f0000 - 0x00007ffb30796000 	C:\WINDOWS\System32\sechost.dll
0x00007ffb30050000 - 0x00007ffb30168000 	C:\WINDOWS\System32\RPCRT4.dll
0x00007ffb2f490000 - 0x00007ffb2f504000 	C:\WINDOWS\System32\WS2_32.dll
0x00007ffb24c60000 - 0x00007ffb24c95000 	C:\WINDOWS\SYSTEM32\WINMM.dll
0x00007ffb2e090000 - 0x00007ffb2e0ee000 	C:\WINDOWS\SYSTEM32\POWRPROF.dll
0x00007ffb24ac0000 - 0x00007ffb24acb000 	C:\WINDOWS\SYSTEM32\VERSION.dll
0x00007ffb2e070000 - 0x00007ffb2e084000 	C:\WINDOWS\SYSTEM32\UMPDC.dll
0x00007ffb2cf70000 - 0x00007ffb2cf8b000 	C:\WINDOWS\SYSTEM32\kernel.appcore.dll
0x00007ffb0b710000 - 0x00007ffb0b71a000 	c:\Users\Ali\.vscode\extensions\redhat.java-1.44.0-win32-x64\jre\21.0.8-win32-x86_64\bin\jimage.dll
0x00007ffb2b850000 - 0x00007ffb2ba91000 	C:\WINDOWS\SYSTEM32\DBGHELP.DLL
0x00007ffb30b40000 - 0x00007ffb30ec5000 	C:\WINDOWS\System32\combase.dll
0x00007ffb2f510000 - 0x00007ffb2f5f0000 	C:\WINDOWS\System32\OLEAUT32.dll
0x00007ffb0cde0000 - 0x00007ffb0ce23000 	C:\WINDOWS\SYSTEM32\dbgcore.DLL
0x00007ffb2e8e0000 - 0x00007ffb2e979000 	C:\WINDOWS\System32\bcryptPrimitives.dll
0x00007ffb195b0000 - 0x00007ffb195bf000 	c:\Users\Ali\.vscode\extensions\redhat.java-1.44.0-win32-x64\jre\21.0.8-win32-x86_64\bin\instrument.dll
0x00007ffadf140000 - 0x00007ffadf15f000 	c:\Users\Ali\.vscode\extensions\redhat.java-1.44.0-win32-x64\jre\21.0.8-win32-x86_64\bin\java.dll
0x00007ffb2f900000 - 0x00007ffb3004d000 	C:\WINDOWS\System32\SHELL32.dll
0x00007ffb2ec50000 - 0x00007ffb2edc3000 	C:\WINDOWS\System32\wintypes.dll
0x00007ffb2bdd0000 - 0x00007ffb2c62f000 	C:\WINDOWS\SYSTEM32\windows.storage.dll
0x00007ffb307a0000 - 0x00007ffb30895000 	C:\WINDOWS\System32\SHCORE.dll
0x00007ffb30ad0000 - 0x00007ffb30b3a000 	C:\WINDOWS\System32\shlwapi.dll
0x00007ffb2e150000 - 0x00007ffb2e179000 	C:\WINDOWS\SYSTEM32\profapi.dll
0x00007ffadeb30000 - 0x00007ffadeb48000 	c:\Users\Ali\.vscode\extensions\redhat.java-1.44.0-win32-x64\jre\21.0.8-win32-x86_64\bin\zip.dll
0x00007ffb08c20000 - 0x00007ffb08c30000 	C:\Users\Ali\.vscode\extensions\redhat.java-1.44.0-win32-x64\jre\21.0.8-win32-x86_64\bin\net.dll
0x00007ffb26c90000 - 0x00007ffb26dae000 	C:\WINDOWS\SYSTEM32\WINHTTP.dll
0x00007ffb2d4e0000 - 0x00007ffb2d54b000 	C:\WINDOWS\system32\mswsock.dll
0x00007ffade6c0000 - 0x00007ffade6d6000 	C:\Users\Ali\.vscode\extensions\redhat.java-1.44.0-win32-x64\jre\21.0.8-win32-x86_64\bin\nio.dll
0x00007ffb19590000 - 0x00007ffb195a0000 	c:\Users\Ali\.vscode\extensions\redhat.java-1.44.0-win32-x64\jre\21.0.8-win32-x86_64\bin\verify.dll
0x00007ffb0b2c0000 - 0x00007ffb0b305000 	C:\Users\Ali\AppData\Roaming\Code\User\globalStorage\redhat.java\1.44.0\config_win\org.eclipse.equinox.launcher\org.eclipse.equinox.launcher.win32.win32.x86_64_1.2.1400.v20250730-1736\eclipse_11913.dll
0x00007ffb2f600000 - 0x00007ffb2f7a0000 	C:\WINDOWS\System32\ole32.dll
0x00007ffb2d8c0000 - 0x00007ffb2d8db000 	C:\WINDOWS\SYSTEM32\CRYPTSP.dll
0x00007ffb2ced0000 - 0x00007ffb2cf0b000 	C:\WINDOWS\system32\rsaenh.dll
0x00007ffb2d580000 - 0x00007ffb2d5ab000 	C:\WINDOWS\SYSTEM32\USERENV.dll
0x00007ffb2e120000 - 0x00007ffb2e146000 	C:\WINDOWS\SYSTEM32\bcrypt.dll
0x00007ffb2d720000 - 0x00007ffb2d72c000 	C:\WINDOWS\SYSTEM32\CRYPTBASE.dll
0x00007ffb2ca10000 - 0x00007ffb2ca43000 	C:\WINDOWS\SYSTEM32\IPHLPAPI.DLL
0x00007ffb30950000 - 0x00007ffb3095a000 	C:\WINDOWS\System32\NSI.dll
0x00007ffaf6ee0000 - 0x00007ffaf6f29000 	C:\Users\Ali\AppData\Local\Temp\jna-65918\jna13318108933872202503.dll
0x00007ffb306e0000 - 0x00007ffb306e8000 	C:\WINDOWS\System32\PSAPI.DLL
0x00007ffb28170000 - 0x00007ffb2818f000 	C:\WINDOWS\SYSTEM32\dhcpcsvc6.DLL
0x00007ffb28140000 - 0x00007ffb28165000 	C:\WINDOWS\SYSTEM32\dhcpcsvc.DLL
0x00007ffb00f10000 - 0x00007ffb00f1e000 	C:\Users\Ali\.vscode\extensions\redhat.java-1.44.0-win32-x64\jre\21.0.8-win32-x86_64\bin\sunmscapi.dll
0x00007ffb2e980000 - 0x00007ffb2eaf7000 	C:\WINDOWS\System32\CRYPT32.dll
0x00007ffb2da20000 - 0x00007ffb2da50000 	C:\WINDOWS\SYSTEM32\ncrypt.dll
0x00007ffb2d9d0000 - 0x00007ffb2da0f000 	C:\WINDOWS\SYSTEM32\NTASN1.dll
0x00007ffb2ca50000 - 0x00007ffb2cb76000 	C:\WINDOWS\SYSTEM32\DNSAPI.dll
0x00007ffb26dc0000 - 0x00007ffb26dcb000 	C:\Windows\System32\rasadhlp.dll
0x00007ffb282d0000 - 0x00007ffb28356000 	C:\WINDOWS\System32\fwpuclnt.dll
0x00007ffaff2d0000 - 0x00007ffaff2d9000 	C:\Users\Ali\.vscode\extensions\redhat.java-1.44.0-win32-x64\jre\21.0.8-win32-x86_64\bin\extnet.dll
0x00007ffadd7c0000 - 0x00007ffadd7e7000 	C:\Users\Ali\.gradle\native\1def1411415f61bf3af743bc5b6707747c0891f09f0c88961ee8f79bc544acac\windows-amd64\native-platform.dll
0x00007ffb031c0000 - 0x00007ffb031ca000 	C:\Users\Ali\.vscode\extensions\redhat.java-1.44.0-win32-x64\jre\21.0.8-win32-x86_64\bin\management.dll
0x00007ffb026c0000 - 0x00007ffb026cb000 	C:\Users\Ali\.vscode\extensions\redhat.java-1.44.0-win32-x64\jre\21.0.8-win32-x86_64\bin\management_ext.dll

JVMTI agents:
c:\Users\Ali\.vscode\extensions\redhat.java-1.44.0-win32-x64\lombok\lombok-1.18.39-4050.jar path:c:\Users\Ali\.vscode\extensions\redhat.java-1.44.0-win32-x64\jre\21.0.8-win32-x86_64\bin\instrument.dll, loaded, initialized, instrumentlib options:none

dbghelp: loaded successfully - version: 4.0.5 - missing functions: none
symbol engine: initialized successfully - sym options: 0x614 - pdb path: .;c:\Users\Ali\.vscode\extensions\redhat.java-1.44.0-win32-x64\jre\21.0.8-win32-x86_64\bin;C:\WINDOWS\SYSTEM32;C:\WINDOWS\WinSxS\amd64_microsoft.windows.common-controls_6595b64144ccf1df_6.0.26100.4768_none_3e0c112ce331287c;c:\Users\Ali\.vscode\extensions\redhat.java-1.44.0-win32-x64\jre\21.0.8-win32-x86_64\bin\server;C:\Users\Ali\AppData\Roaming\Code\User\globalStorage\redhat.java\1.44.0\config_win\org.eclipse.equinox.launcher\org.eclipse.equinox.launcher.win32.win32.x86_64_1.2.1400.v20250730-1736;C:\Users\Ali\AppData\Local\Temp\jna-65918;C:\Users\Ali\.gradle\native\1def1411415f61bf3af743bc5b6707747c0891f09f0c88961ee8f79bc544acac\windows-amd64

VM Arguments:
jvm_args: --add-modules=ALL-SYSTEM --add-opens=java.base/java.util=ALL-UNNAMED --add-opens=java.base/java.lang=ALL-UNNAMED --add-opens=java.base/sun.nio.fs=ALL-UNNAMED -Declipse.application=org.eclipse.jdt.ls.core.id1 -Dosgi.bundles.defaultStartLevel=4 -Declipse.product=org.eclipse.jdt.ls.core.product -Djava.import.generatesMetadataFilesAtProjectRoot=false -DDetectVMInstallationsJob.disabled=true -Dfile.encoding=utf8 -XX:+UseParallelGC -XX:GCTimeRatio=4 -XX:AdaptiveSizePolicyWeight=90 -Dsun.zip.disableMemoryMapping=true -Xmx2G -Xms100m -Xlog:disable -javaagent:c:\Users\Ali\.vscode\extensions\redhat.java-1.44.0-win32-x64\lombok\lombok-1.18.39-4050.jar -XX:+HeapDumpOnOutOfMemoryError -XX:HeapDumpPath=c:\Users\Ali\AppData\Roaming\Code\User\workspaceStorage\3c41d1dda97feda740b905a60d7ad99e\redhat.java -Daether.dependencyCollector.impl=bf 
java_command: c:\Users\Ali\.vscode\extensions\redhat.java-1.44.0-win32-x64\server\plugins\org.eclipse.equinox.launcher_1.7.0.v20250519-0528.jar -configuration c:\Users\Ali\AppData\Roaming\Code\User\globalStorage\redhat.java\1.44.0\config_win -data c:\Users\Ali\AppData\Roaming\Code\User\workspaceStorage\3c41d1dda97feda740b905a60d7ad99e\redhat.java\jdt_ws --pipe=\\.\pipe\lsp-46a32b8c74d4e9428334857a405ca01b-sock
java_class_path (initial): c:\Users\Ali\.vscode\extensions\redhat.java-1.44.0-win32-x64\server\plugins\org.eclipse.equinox.launcher_1.7.0.v20250519-0528.jar
Launcher Type: SUN_STANDARD

[Global flags]
    uintx AdaptiveSizePolicyWeight                 = 90                                        {product} {command line}
     intx CICompilerCount                          = 4                                         {product} {ergonomic}
    uintx GCTimeRatio                              = 4                                         {product} {command line}
     bool HeapDumpOnOutOfMemoryError               = true                                   {manageable} {command line}
    ccstr HeapDumpPath                             = c:\Users\Ali\AppData\Roaming\Code\User\workspaceStorage\3c41d1dda97feda740b905a60d7ad99e\redhat.java         {manageable} {command line}
   size_t InitialHeapSize                          = 104857600                                 {product} {command line}
   size_t MaxHeapSize                              = 2147483648                                {product} {command line}
   size_t MaxNewSize                               = 715653120                                 {product} {ergonomic}
   size_t MinHeapDeltaBytes                        = 524288                                    {product} {ergonomic}
   size_t MinHeapSize                              = 104857600                                 {product} {command line}
   size_t NewSize                                  = 34603008                                  {product} {ergonomic}
    uintx NonNMethodCodeHeapSize                   = 5839372                                {pd product} {ergonomic}
    uintx NonProfiledCodeHeapSize                  = 122909434                              {pd product} {ergonomic}
   size_t OldSize                                  = 70254592                                  {product} {ergonomic}
    uintx ProfiledCodeHeapSize                     = 122909434                              {pd product} {ergonomic}
    uintx ReservedCodeCacheSize                    = 251658240                              {pd product} {ergonomic}
     bool SegmentedCodeCache                       = true                                      {product} {ergonomic}
   size_t SoftMaxHeapSize                          = 2147483648                             {manageable} {ergonomic}
     bool UseCompressedOops                        = true                           {product lp64_product} {ergonomic}
     bool UseLargePagesIndividualAllocation        = false                                  {pd product} {ergonomic}
     bool UseParallelGC                            = true                                      {product} {command line}

Logging:
Log output configuration:
 #0: stdout all=off uptime,level,tags foldmultilines=false
 #1: stderr all=off uptime,level,tags foldmultilines=false

Environment Variables:
JAVA_HOME=C:\Program Files\Java\jdk-17
PATH=C:\Program Files\Common Files\Oracle\Java\javapath;C:\Program Files\OpenLogic\jdk-21.0.6.7-hotspot\bin;C:\WINDOWS\system32;C:\WINDOWS;C:\WINDOWS\System32\Wbem;C:\WINDOWS\System32\WindowsPowerShell\v1.0\;C:\WINDOWS\System32\OpenSSH\;D:\Git\cmd;C:\Program Files\dotnet\;C:\Program Files\Docker\Docker\resources\bin;C:\Program Files\CMake\bin;C:\Program Files\php-8.3.16-Win32-vs16-x64;C:\Program Files (x86)\Windows Kits\10\Windows Performance Toolkit\;C:\Program Files\PowerShell\7\;C:\Program Files\OpenSSL-Win64;C:\Users\YourUsername\AppData\Local\Android\Sdk\platform-tools;C:\Users\Ali\AppData\Local\Android\Sdk\cmdline-tools\latest\bin;JAVA_HOME;C:\Users\Ali\AppData\Local\nvm;C:\nvm4w\nodejs;C:\Users\Ali\Desktop\new\nvm-noinstall;C:\Program Files\nodejs\;C:\Program Files\WireGuard\;C:\Users\Ali\AppData\Local\Programs\Python\Python310\Scripts\;C:\Users\Ali\AppData\Local\Programs\Python\Python310\;C:\Program Files\MySQL\MySQL Shell 8.0\bin\;C:\Users\Ali\AppData\Local\Microsoft\WindowsApps;C:\Users\Ali\AppData\Local\Programs\Microsoft VS Code\bin;C:\Users\Ali\AppData\Local\Android\Sdk\platform-tools;C:\Users\Ali\AppData\Local\nvm;C:\nvm4w\nodejs;C:\Users\Ali\AppData\Roaming\npm;C:\Users\Ali\AppData\Local\Programs\cursor\resources\app\bin
USERNAME=Ali
OS=Windows_NT
PROCESSOR_IDENTIFIER=Intel64 Family 6 Model 154 Stepping 4, GenuineIntel
TMP=C:\Users\Ali\AppData\Local\Temp
TEMP=C:\Users\Ali\AppData\Local\Temp




Periodic native trim disabled

---------------  S Y S T E M  ---------------

OS:
 Windows 11 , 64 bit Build 26100 (10.0.26100.4768)
OS uptime: 13 days 22:27 hours
Hyper-V role detected

CPU: total 12 (initial active 12) (6 cores per cpu, 2 threads per core) family 6 model 154 stepping 4 microcode 0x424, cx8, cmov, fxsr, ht, mmx, 3dnowpref, sse, sse2, sse3, ssse3, sse4.1, sse4.2, popcnt, lzcnt, tsc, tscinvbit, avx, avx2, aes, erms, clmul, bmi1, bmi2, adx, sha, fma, vzeroupper, clflush, clflushopt, clwb, hv, serialize, rdtscp, rdpid, fsrm, f16c, cet_ibt, cet_ss
Processor Information for processor 0
  Max Mhz: 1700, Current Mhz: 1700, Mhz Limit: 1700
Processor Information for processor 1
  Max Mhz: 1700, Current Mhz: 1700, Mhz Limit: 1700
Processor Information for processor 2
  Max Mhz: 1700, Current Mhz: 1700, Mhz Limit: 1700
Processor Information for processor 3
  Max Mhz: 1700, Current Mhz: 1700, Mhz Limit: 1700
Processor Information for processor 4
  Max Mhz: 1200, Current Mhz: 1200, Mhz Limit: 1200
Processor Information for processor 5
  Max Mhz: 1200, Current Mhz: 1200, Mhz Limit: 1200
Processor Information for processor 6
  Max Mhz: 1200, Current Mhz: 1200, Mhz Limit: 1200
Processor Information for processor 7
  Max Mhz: 1200, Current Mhz: 1200, Mhz Limit: 1200
Processor Information for processor 8
  Max Mhz: 1200, Current Mhz: 1200, Mhz Limit: 1200
Processor Information for processor 9
  Max Mhz: 1200, Current Mhz: 1200, Mhz Limit: 1200
Processor Information for processor 10
  Max Mhz: 1200, Current Mhz: 1200, Mhz Limit: 1200
Processor Information for processor 11
  Max Mhz: 1200, Current Mhz: 1200, Mhz Limit: 1200

Memory: 4k page, system-wide physical 16108M (665M free)
TotalPageFile size 65260M (AvailPageFile size 327M)
current process WorkingSet (physical memory assigned to process): 795M, peak: 795M
current process commit charge ("private bytes"): 750M, peak: 750M

vm_info: OpenJDK 64-Bit Server VM (21.0.8+9-LTS) for windows-amd64 JRE (21.0.8+9-LTS), built on 2025-07-15T00:00:00Z by "admin" with MS VC++ 17.7 (VS2022)

END.
